<?xml version="1.0" encoding="UTF-8"?>
<!-- Generated by org.testng.reporters.JUnitReportReporter -->
<testsuite skipped="0" hostname="DELL-PC" name="Practice.Example" tests="1" failures="0" timestamp="04 Dec 2018 09:08:00 GMT" time="4.030" errors="0">
  <testcase name="m1" time="4.030" classname="Practice.Example"/>
</testsuite> <!-- Practice.Example -->
